<?xml version="1.0" encoding="UTF-8"?>
<!-- Generated by org.testng.reporters.JUnitReportReporter -->
<testsuite hostname="DESKTOP-MF9HMAK" failures="0" tests="7" name="com.test.OMRBranchClub" time="11.352" errors="0" timestamp="27 Jul 2022 16:55:08 GMT" skipped="0">
  <testcase classname="com.test.OMRBranchClub" name="LoginPage" time="3.793"/>
  <testcase classname="com.test.OMRBranchClub" name="AddAddress" time="1.047"/>
  <testcase classname="com.test.OMRBranchClub" name="UpdateAddress" time="0.534"/>
  <testcase classname="com.test.OMRBranchClub" name="DeleteAddress" time="0.798"/>
  <testcase classname="com.test.OMRBranchClub" name="getAddresses" time="0.765"/>
  <testcase classname="com.test.OMRBranchClub" name="getCartItems" time="0.781"/>
  <testcase classname="com.test.OMRBranchClub" name="ChangeProfilepic" time="3.634"/>
</testsuite> <!-- com.test.OMRBranchClub -->
